<?xml version="1.0" encoding="UTF-8"?>
<testng-results ignored="0" total="1" passed="1" failed="0" skipped="0">
  <reporter-output>
  </reporter-output>
  <suite started-at="2021-12-23T12:48:02 IST" name="Default suite" finished-at="2021-12-23T12:48:48 IST" duration-ms="45438">
    <groups>
    </groups>
    <test started-at="2021-12-23T12:48:02 IST" name="Default test" finished-at="2021-12-23T12:48:48 IST" duration-ms="45438">
      <class name="runner.AmezonApp">
        <test-method is-config="true" signature="Before()[pri:0, instance:runner.AmezonApp@22ef9844]" started-at="2021-12-23T12:48:02 IST" name="Before" finished-at="2021-12-23T12:48:14 IST" duration-ms="12209" status="PASS">
          <reporter-output>
          </reporter-output>
        </test-method> <!-- Before -->
        <test-method signature="test()[pri:0, instance:runner.AmezonApp@22ef9844]" started-at="2021-12-23T12:48:14 IST" name="test" finished-at="2021-12-23T12:48:42 IST" duration-ms="27703" status="PASS">
          <reporter-output>
          </reporter-output>
        </test-method> <!-- test -->
        <test-method is-config="true" signature="After()[pri:0, instance:runner.AmezonApp@22ef9844]" started-at="2021-12-23T12:48:42 IST" name="After" finished-at="2021-12-23T12:48:48 IST" duration-ms="5411" status="PASS">
          <reporter-output>
          </reporter-output>
        </test-method> <!-- After -->
      </class> <!-- runner.AmezonApp -->
    </test> <!-- Default test -->
  </suite> <!-- Default suite -->
</testng-results>
